Using pre-set license
Built from '2020.3/staging' branch; Version is '2020.3.13f1 (71691879b7f5) revision 7432472'; Using compiler version '192528614'; Build Type 'Release'
OS: 'Windows 10 Education; OS build 19042.1348; Version 2009; 64bit' Language: 'fr' Physical Memory: 32716 MB
BatchMode: 1, IsHumanControllingUs: 0, StartBugReporterOnCrash: 0, Is64bit: 1, IsPro: 0

 COMMAND LINE ARGUMENTS:
C:\Program Files\Unity\Editor\Unity.exe
-adb2
-batchMode
-noUpm
-name
AssetImportWorker0
-projectPath
C:/Users/acoeugnet/Documents/Mockup3D/Mockup3d ADO
-logFile
Logs/AssetImportWorker0.log
-srvPort
62557
Successfully changed project path to: C:/Users/acoeugnet/Documents/Mockup3D/Mockup3d ADO
C:/Users/acoeugnet/Documents/Mockup3D/Mockup3d ADO
Using Asset Import Pipeline V2.
Refreshing native plugins compatible for Editor in 59.43 ms, found 2 plugins.
Preloading 0 native plugins for Editor in 0.00 ms.
Initialize engine version: 2020.3.13f1 (71691879b7f5)
[Subsystems] Discovering subsystems at path C:/Program Files/Unity/Editor/Data/Resources/UnitySubsystems
[Subsystems] Discovering subsystems at path C:/Users/acoeugnet/Documents/Mockup3D/Mockup3d ADO/Assets
GfxDevice: creating device client; threaded=0
Direct3D:
    Version:  Direct3D 11.0 [level 11.1]
    Renderer: NVIDIA GeForce RTX 2060 (ID=0x1e89)
    Vendor:   
    VRAM:     5974 MB
    Driver:   27.21.14.5671
Initialize mono
Mono path[0] = 'C:/Program Files/Unity/Editor/Data/Managed'
Mono path[1] = 'C:/Program Files/Unity/Editor/Data/MonoBleedingEdge/lib/mono/unityjit'
Mono config path = 'C:/Program Files/Unity/Editor/Data/MonoBleedingEdge/etc'
Using monoOptions --debugger-agent=transport=dt_socket,embedding=1,server=y,suspend=n,address=127.0.0.1:56856
Begin MonoManager ReloadAssembly
Registering precompiled unity dll's ...
Register platform support module: C:/Program Files/Unity/Editor/Data/PlaybackEngines/WindowsStandaloneSupport/UnityEditor.WindowsStandalone.Extensions.dll
Registered in 0.002402 seconds.
Native extension for WindowsStandalone target not found
Refreshing native plugins compatible for Editor in 23.67 ms, found 2 plugins.
Preloading 0 native plugins for Editor in 0.00 ms.
Mono: successfully reloaded assembly
- Completed reload, in  1.000 seconds
Platform modules already initialized, skipping
Registering precompiled user dll's ...
Registered in 0.007889 seconds.
Begin MonoManager ReloadAssembly
Native extension for WindowsStandalone target not found
Refreshing native plugins compatible for Editor in 0.32 ms, found 2 plugins.
Preloading 0 native plugins for Editor in 0.00 ms.
Mono: successfully reloaded assembly
- Completed reload, in  0.861 seconds
Platform modules already initialized, skipping
========================================================================
Worker process is ready to serve import requests
Launched and connected shader compiler UnityShaderCompiler.exe after 0.03 seconds
Refreshing native plugins compatible for Editor in 0.31 ms, found 2 plugins.
Preloading 0 native plugins for Editor in 0.00 ms.
Unloading 1390 Unused Serialized files (Serialized files now loaded: 0)
System memory in use before: 64.7 MB.
System memory in use after: 64.8 MB.

Unloading 19 unused Assets to reduce memory usage. Loaded Objects now: 1823.
Total: 1.643300 ms (FindLiveObjects: 0.137200 ms CreateObjectMapping: 0.028500 ms MarkObjects: 1.408300 ms  DeleteObjects: 0.068200 ms)

AssetImportParameters requested are different than current active one (requested -> active):
  custom:framework-win-MediaFoundation: 216162199b28c13a410421893ffa2e32 -> 
  custom:video-decoder-ogg-theora: a1e56fd34408186e4bbccfd4996cb3dc -> 
  custom:container-muxer-webm: aa71ff27fc2769a1b78a27578f13a17b -> 
  custom:container-demuxer-webm: 4f35f7cbe854078d1ac9338744f61a02 -> 
  custom:container-demuxer-ogg: 62fdf1f143b41e24485cea50d1cbac27 -> 
  custom:video-encoder-webm-vp8: eb34c28f22e8b96e1ab97ce403110664 -> 
  custom:video-decoder-webm-vp8: 9c59270c3fd7afecdb556c50c9e8de78 -> 
  custom:audio-decoder-ogg-vorbis: bf7c407c2cedff20999df2af8eb42d56 -> 
  custom:audio-encoder-webm-vorbis: bf7c407c2cedff20999df2af8eb42d56 -> 
========================================================================
Received Import Request.
  path: Assets
  artifactKey: Guid(00000000000000001000000000000000) Importer(815301076,1909f56bfc062723c751e8b465ee728b)
Start importing Assets using Guid(00000000000000001000000000000000) Importer(815301076,1909f56bfc062723c751e8b465ee728b)  -> (artifact id: '42d402b061de3733987d63b9cc3b64de') in 0.005213 seconds 
  Import took 0.006874 seconds .

========================================================================
Received Import Request.
  Time since last request: 0.537972 seconds.
  path: Assets/Asset
  artifactKey: Guid(41ce434e2c330ee4a8422f991702d3a3) Importer(815301076,1909f56bfc062723c751e8b465ee728b)
Start importing Assets/Asset using Guid(41ce434e2c330ee4a8422f991702d3a3) Importer(815301076,1909f56bfc062723c751e8b465ee728b)  -> (artifact id: '10ed50d39cc380c61427668b5eb36adc') in 0.003167 seconds 
  Import took 0.005366 seconds .

========================================================================
Received Import Request.
  Time since last request: 8.579941 seconds.
  path: Assets/Asset/Obj
  artifactKey: Guid(d60f353fa9f50f44e89f2cf6e78ca1e0) Importer(815301076,1909f56bfc062723c751e8b465ee728b)
Start importing Assets/Asset/Obj using Guid(d60f353fa9f50f44e89f2cf6e78ca1e0) Importer(815301076,1909f56bfc062723c751e8b465ee728b)  -> (artifact id: '8f1cab58e7ff70df24d7f5582fe357a6') in 0.002782 seconds 
  Import took 0.004820 seconds .

========================================================================
Received Import Request.
  Time since last request: 17.323644 seconds.
  path: Assets/Asset/Obj/bottle.fbx
  artifactKey: Guid(cfb4888711d72654097817e3b881d35c) Importer(815301076,1909f56bfc062723c751e8b465ee728b)
Start importing Assets/Asset/Obj/bottle.fbx using Guid(cfb4888711d72654097817e3b881d35c) Importer(815301076,1909f56bfc062723c751e8b465ee728b)  -> (artifact id: '832d25845cc5b9815d538d484dd6372e') in 0.434432 seconds 
  Import took 0.436719 seconds .

========================================================================
Received Import Request.
  Time since last request: 8.797116 seconds.
  path: Assets/Asset/Obj/Pompe.fbx
  artifactKey: Guid(780ed0dcd3b137744b34af6525e4170b) Importer(815301076,1909f56bfc062723c751e8b465ee728b)
Start importing Assets/Asset/Obj/Pompe.fbx using Guid(780ed0dcd3b137744b34af6525e4170b) Importer(815301076,1909f56bfc062723c751e8b465ee728b)  -> (artifact id: '3f15aa261ed2022fa3cb6034aadda49e') in 0.019272 seconds 
  Import took 0.021540 seconds .

========================================================================
Received Import Request.
  Time since last request: 10.383732 seconds.
  path: Assets/Asset/Obj/Msh_Pompe.fbx
  artifactKey: Guid(780ed0dcd3b137744b34af6525e4170b) Importer(815301076,1909f56bfc062723c751e8b465ee728b)
Start importing Assets/Asset/Obj/Msh_Pompe.fbx using Guid(780ed0dcd3b137744b34af6525e4170b) Importer(815301076,1909f56bfc062723c751e8b465ee728b)  -> (artifact id: '13103dcb270d9f615426379999255d11') in 0.013256 seconds 
  Import took 0.015507 seconds .

========================================================================
Received Import Request.
  Time since last request: 4794.021764 seconds.
  path: Assets/Asset/Obj/Pompe_Low.fbx
  artifactKey: Guid(5e7c665ab09a92d4fbca02a2e0e5f141) Importer(815301076,1909f56bfc062723c751e8b465ee728b)
Start importing Assets/Asset/Obj/Pompe_Low.fbx using Guid(5e7c665ab09a92d4fbca02a2e0e5f141) Importer(815301076,1909f56bfc062723c751e8b465ee728b)  -> (artifact id: '9d2695f58298c26dd386daf9c91b65b0') in 0.012359 seconds 
  Import took 0.014803 seconds .

